Added Component: Designator=C1(1608[0603])
Added Component: Designator=C2(1608[0603])
Added Component: Designator=C3(1608[0603])
Added Component: Designator=C4(1608[0603])
Added Component: Designator=C5(1608[0603])
Added Component: Designator=C6(1608[0603])
Added Component: Designator=C7(1608[0603])
Added Component: Designator=C8(1608[0603])
Added Component: Designator=CON1(RoundSensorCon)
Added Component: Designator=CON2(OLED)
Added Component: Designator=CON3(PIPE)
Added Component: Designator=D1(3.5X2.8X1.9)
Added Component: Designator=D2(3.5X2.8X1.9)
Added Component: Designator=D3(3.5X2.8X1.9)
Added Component: Designator=D4(3.5X2.8X1.9)
Added Component: Designator=D5(3.5X2.8X1.9)
Added Component: Designator=D6(3.5X2.8X1.9)
Added Component: Designator=D7(3.5X2.8X1.9)
Added Component: Designator=D8(3.5X2.8X1.9)
Added Component: Designator=R1(J1-0603)
Added Component: Designator=R2(J1-0603)
Added Component: Designator=R3(J1-0603)
Added Component: Designator=R4(J1-0603)
Added Component: Designator=R5(J1-0603)
Added Component: Designator=R6(J1-0603)
Added Component: Designator=R7(J1-0603)
Added Component: Designator=R8(J1-0603)
Added Component: Designator=R9(J1-0603)
Added Component: Designator=R10(J1-0603)
Added Component: Designator=R11(J1-0603)
Added Component: Designator=R12(J1-0603)
Added Component: Designator=R13(J1-0603)
Added Component: Designator=R14(J1-0603)
Added Component: Designator=R15(J1-0603)
Added Component: Designator=U1(SSOP-28)
Added Pin To Net: NetName=GND Pin=C1-1
Added Pin To Net: NetName=GND Pin=C2-1
Added Pin To Net: NetName=GND Pin=C3-1
Added Pin To Net: NetName=GND Pin=C4-2
Added Pin To Net: NetName=GND Pin=C5-1
Added Pin To Net: NetName=GND Pin=C6-1
Added Pin To Net: NetName=GND Pin=C7-1
Added Pin To Net: NetName=GND Pin=C8-1
Added Pin To Net: NetName=GND Pin=CON2-7
Added Pin To Net: NetName=GND Pin=CON3-1
Added Pin To Net: NetName=GND Pin=D1-2
Added Pin To Net: NetName=GND Pin=D2-2
Added Pin To Net: NetName=GND Pin=D3-2
Added Pin To Net: NetName=GND Pin=D4-2
Added Pin To Net: NetName=GND Pin=D5-2
Added Pin To Net: NetName=GND Pin=D6-2
Added Pin To Net: NetName=GND Pin=D7-2
Added Pin To Net: NetName=GND Pin=D8-2
Added Pin To Net: NetName=GND Pin=R1-1
Added Pin To Net: NetName=GND Pin=R2-1
Added Pin To Net: NetName=GND Pin=R3-1
Added Pin To Net: NetName=GND Pin=R4-1
Added Pin To Net: NetName=GND Pin=R5-1
Added Pin To Net: NetName=GND Pin=R6-1
Added Pin To Net: NetName=GND Pin=R7-1
Added Pin To Net: NetName=GND Pin=U1-20
Added Pin To Net: NetName=GND Pin=U1-27
Added Net: Name=GND
Added Pin To Net: NetName=NetC1_2 Pin=C1-2
Added Pin To Net: NetName=NetC1_2 Pin=U1-4
Added Net: Name=NetC1_2
Added Pin To Net: NetName=NetC2_2 Pin=C2-2
Added Pin To Net: NetName=NetC2_2 Pin=U1-9
Added Net: Name=NetC2_2
Added Pin To Net: NetName=NetC3_2 Pin=C3-2
Added Pin To Net: NetName=NetC3_2 Pin=U1-14
Added Net: Name=NetC3_2
Added Pin To Net: NetName=NetC4_1 Pin=C4-1
Added Pin To Net: NetName=NetC4_1 Pin=U1-28
Added Net: Name=NetC4_1
Added Pin To Net: NetName=NetC6_2 Pin=C6-2
Added Pin To Net: NetName=NetC6_2 Pin=U1-23
Added Net: Name=NetC6_2
Added Pin To Net: NetName=NetC7_2 Pin=C7-2
Added Pin To Net: NetName=NetC7_2 Pin=U1-17
Added Net: Name=NetC7_2
Added Pin To Net: NetName=NetCON1_1 Pin=CON1-1
Added Pin To Net: NetName=NetCON1_1 Pin=U1-6
Added Net: Name=NetCON1_1
Added Pin To Net: NetName=NetCON1_2 Pin=CON1-2
Added Pin To Net: NetName=NetCON1_2 Pin=R1-2
Added Pin To Net: NetName=NetCON1_2 Pin=U1-5
Added Net: Name=NetCON1_2
Added Pin To Net: NetName=NetCON1_3 Pin=CON1-3
Added Pin To Net: NetName=NetCON1_3 Pin=R2-2
Added Pin To Net: NetName=NetCON1_3 Pin=U1-2
Added Net: Name=NetCON1_3
Added Pin To Net: NetName=NetCON1_4 Pin=CON1-4
Added Pin To Net: NetName=NetCON1_4 Pin=R3-2
Added Pin To Net: NetName=NetCON1_4 Pin=U1-1
Added Net: Name=NetCON1_4
Added Pin To Net: NetName=NetCON1_5 Pin=CON1-5
Added Pin To Net: NetName=NetCON1_5 Pin=R4-2
Added Pin To Net: NetName=NetCON1_5 Pin=U1-25
Added Net: Name=NetCON1_5
Added Pin To Net: NetName=NetCON1_6 Pin=CON1-6
Added Pin To Net: NetName=NetCON1_6 Pin=R5-2
Added Pin To Net: NetName=NetCON1_6 Pin=U1-24
Added Net: Name=NetCON1_6
Added Pin To Net: NetName=NetCON1_7 Pin=CON1-7
Added Pin To Net: NetName=NetCON1_7 Pin=R6-2
Added Pin To Net: NetName=NetCON1_7 Pin=U1-22
Added Net: Name=NetCON1_7
Added Pin To Net: NetName=NetCON1_8 Pin=CON1-8
Added Pin To Net: NetName=NetCON1_8 Pin=R7-2
Added Pin To Net: NetName=NetCON1_8 Pin=U1-21
Added Net: Name=NetCON1_8
Added Pin To Net: NetName=NetCON1_9 Pin=CON1-9
Added Pin To Net: NetName=NetCON1_9 Pin=U1-19
Added Net: Name=NetCON1_9
Added Pin To Net: NetName=NetCON1_10 Pin=CON1-10
Added Pin To Net: NetName=NetCON1_10 Pin=U1-18
Added Net: Name=NetCON1_10
Added Pin To Net: NetName=NetCON1_11 Pin=CON1-11
Added Pin To Net: NetName=NetCON1_11 Pin=U1-16
Added Net: Name=NetCON1_11
Added Pin To Net: NetName=NetCON1_12 Pin=CON1-12
Added Pin To Net: NetName=NetCON1_12 Pin=U1-15
Added Net: Name=NetCON1_12
Added Pin To Net: NetName=NetCON1_13 Pin=CON1-13
Added Pin To Net: NetName=NetCON1_13 Pin=U1-11
Added Net: Name=NetCON1_13
Added Pin To Net: NetName=NetCON1_14 Pin=CON1-14
Added Pin To Net: NetName=NetCON1_14 Pin=U1-10
Added Net: Name=NetCON1_14
Added Pin To Net: NetName=NetCON1_15 Pin=CON1-15
Added Pin To Net: NetName=NetCON1_15 Pin=U1-8
Added Net: Name=NetCON1_15
Added Pin To Net: NetName=NetCON1_16 Pin=CON1-16
Added Pin To Net: NetName=NetCON1_16 Pin=U1-7
Added Net: Name=NetCON1_16
Added Pin To Net: NetName=NetCON3_2 Pin=CON3-2
Added Pin To Net: NetName=NetCON3_2 Pin=U1-13
Added Net: Name=NetCON3_2
Added Pin To Net: NetName=NetCON3_3 Pin=CON3-3
Added Pin To Net: NetName=NetCON3_3 Pin=R8-1
Added Net: Name=NetCON3_3
Added Pin To Net: NetName=NetCON3_4 Pin=CON3-4
Added Pin To Net: NetName=NetCON3_4 Pin=R9-1
Added Net: Name=NetCON3_4
Added Pin To Net: NetName=NetCON3_5 Pin=CON3-5
Added Pin To Net: NetName=NetCON3_5 Pin=R10-1
Added Net: Name=NetCON3_5
Added Pin To Net: NetName=NetCON3_6 Pin=CON3-6
Added Pin To Net: NetName=NetCON3_6 Pin=R11-1
Added Net: Name=NetCON3_6
Added Pin To Net: NetName=NetCON3_7 Pin=CON3-7
Added Pin To Net: NetName=NetCON3_7 Pin=R12-1
Added Net: Name=NetCON3_7
Added Pin To Net: NetName=NetCON3_8 Pin=CON3-8
Added Pin To Net: NetName=NetCON3_8 Pin=R13-1
Added Net: Name=NetCON3_8
Added Pin To Net: NetName=NetCON3_9 Pin=CON3-9
Added Pin To Net: NetName=NetCON3_9 Pin=R14-1
Added Net: Name=NetCON3_9
Added Pin To Net: NetName=NetCON3_10 Pin=CON3-10
Added Pin To Net: NetName=NetCON3_10 Pin=R15-1
Added Net: Name=NetCON3_10
Added Pin To Net: NetName=NetCON3_11 Pin=CON3-11
Added Pin To Net: NetName=NetCON3_11 Pin=U1-12
Added Net: Name=NetCON3_11
Added Pin To Net: NetName=NetD1_1 Pin=D1-1
Added Pin To Net: NetName=NetD1_1 Pin=R8-2
Added Net: Name=NetD1_1
Added Pin To Net: NetName=NetD2_1 Pin=D2-1
Added Pin To Net: NetName=NetD2_1 Pin=R9-2
Added Net: Name=NetD2_1
Added Pin To Net: NetName=NetD3_1 Pin=D3-1
Added Pin To Net: NetName=NetD3_1 Pin=R10-2
Added Net: Name=NetD3_1
Added Pin To Net: NetName=NetD4_1 Pin=D4-1
Added Pin To Net: NetName=NetD4_1 Pin=R11-2
Added Net: Name=NetD4_1
Added Pin To Net: NetName=NetD5_1 Pin=D5-1
Added Pin To Net: NetName=NetD5_1 Pin=R12-2
Added Net: Name=NetD5_1
Added Pin To Net: NetName=NetD6_1 Pin=D6-1
Added Pin To Net: NetName=NetD6_1 Pin=R13-2
Added Net: Name=NetD6_1
Added Pin To Net: NetName=NetD7_1 Pin=D7-1
Added Pin To Net: NetName=NetD7_1 Pin=R14-2
Added Net: Name=NetD7_1
Added Pin To Net: NetName=NetD8_1 Pin=D8-1
Added Pin To Net: NetName=NetD8_1 Pin=R15-2
Added Net: Name=NetD8_1
Added Pin To Net: NetName=VCC Pin=C5-2
Added Pin To Net: NetName=VCC Pin=C8-2
Added Pin To Net: NetName=VCC Pin=CON2-6
Added Pin To Net: NetName=VCC Pin=CON3-12
Added Pin To Net: NetName=VCC Pin=U1-26
Added Net: Name=VCC
Added Class: Name=High
Added Room: Name=High
