Added Component: Designator=CON1(RoundSensorCon)
Added Component: Designator=T1(TOUCH)
Added Component: Designator=T2(TOUCH)
Added Component: Designator=T3(TOUCH)
Added Component: Designator=T4(TOUCH)
Added Component: Designator=T5(TOUCH)
Added Component: Designator=T6(TOUCH)
Added Component: Designator=T7(TOUCH)
Added Component: Designator=T8(TOUCH)
Added Component: Designator=T9(TOUCH)
Added Component: Designator=T10(TOUCH)
Added Component: Designator=T11(TOUCH)
Added Component: Designator=T12(TOUCH)
Added Component: Designator=T13(TOUCH)
Added Component: Designator=T14(TOUCH)
Added Component: Designator=T15(TOUCH)
Added Component: Designator=T16(TOUCH)
Added Pin To Net: NetName=NetCON1_1 Pin=CON1-1
Added Pin To Net: NetName=NetCON1_1 Pin=T1-1
Added Net: Name=NetCON1_1
Added Pin To Net: NetName=NetCON1_2 Pin=CON1-2
Added Pin To Net: NetName=NetCON1_2 Pin=T2-1
Added Net: Name=NetCON1_2
Added Pin To Net: NetName=NetCON1_3 Pin=CON1-3
Added Pin To Net: NetName=NetCON1_3 Pin=T3-1
Added Net: Name=NetCON1_3
Added Pin To Net: NetName=NetCON1_4 Pin=CON1-4
Added Pin To Net: NetName=NetCON1_4 Pin=T4-1
Added Net: Name=NetCON1_4
Added Pin To Net: NetName=NetCON1_5 Pin=CON1-5
Added Pin To Net: NetName=NetCON1_5 Pin=T5-1
Added Net: Name=NetCON1_5
Added Pin To Net: NetName=NetCON1_6 Pin=CON1-6
Added Pin To Net: NetName=NetCON1_6 Pin=T6-1
Added Net: Name=NetCON1_6
Added Pin To Net: NetName=NetCON1_7 Pin=CON1-7
Added Pin To Net: NetName=NetCON1_7 Pin=T7-1
Added Net: Name=NetCON1_7
Added Pin To Net: NetName=NetCON1_8 Pin=CON1-8
Added Pin To Net: NetName=NetCON1_8 Pin=T8-1
Added Net: Name=NetCON1_8
Added Pin To Net: NetName=NetCON1_9 Pin=CON1-9
Added Pin To Net: NetName=NetCON1_9 Pin=T9-1
Added Net: Name=NetCON1_9
Added Pin To Net: NetName=NetCON1_10 Pin=CON1-10
Added Pin To Net: NetName=NetCON1_10 Pin=T10-1
Added Net: Name=NetCON1_10
Added Pin To Net: NetName=NetCON1_11 Pin=CON1-11
Added Pin To Net: NetName=NetCON1_11 Pin=T11-1
Added Net: Name=NetCON1_11
Added Pin To Net: NetName=NetCON1_12 Pin=CON1-12
Added Pin To Net: NetName=NetCON1_12 Pin=T12-1
Added Net: Name=NetCON1_12
Added Pin To Net: NetName=NetCON1_13 Pin=CON1-13
Added Pin To Net: NetName=NetCON1_13 Pin=T13-1
Added Net: Name=NetCON1_13
Added Pin To Net: NetName=NetCON1_14 Pin=CON1-14
Added Pin To Net: NetName=NetCON1_14 Pin=T14-1
Added Net: Name=NetCON1_14
Added Pin To Net: NetName=NetCON1_15 Pin=CON1-15
Added Pin To Net: NetName=NetCON1_15 Pin=T15-1
Added Net: Name=NetCON1_15
Added Pin To Net: NetName=NetCON1_16 Pin=CON1-16
Added Pin To Net: NetName=NetCON1_16 Pin=T16-1
Added Net: Name=NetCON1_16
Added Class: Name=Slider
Added Room: Name=Slider
